<?xml version="1.0" encoding="UTF-8"?>
<!-- Generated by org.testng.reporters.JUnitReportReporter -->
<testsuite hostname="MACAIM00840" failures="0" tests="3" name="com.RestAPI.Amitesh.com.RestDemo.SimpleTest" time="4.149" errors="0" timestamp="21 Jan 2020 07:14:18 GMT">
  <testcase classname="com.RestAPI.Amitesh.com.RestDemo.SimpleTest" name="useJsonPath" time="0.470"/>
  <testcase classname="com.RestAPI.Amitesh.com.RestDemo.SimpleTest" name="getCity" time="2.985"/>
  <testcase classname="com.RestAPI.Amitesh.com.RestDemo.SimpleTest" name="verifyHeaders" time="0.694"/>
</testsuite> <!-- com.RestAPI.Amitesh.com.RestDemo.SimpleTest -->
