<?xml version="1.0" encoding="UTF-8"?>
<!-- Generated by org.testng.reporters.JUnitReportReporter -->
<testsuite hostname="MACAIM00840" failures="0" tests="1" name="com.RestAPI.Amitesh.com.RestDemo.Football" time="2.706" errors="0" timestamp="2020-05-24T23:57:51 IST" skipped="0">
  <testcase classname="com.RestAPI.Amitesh.com.RestDemo.Football" name="getDetails" time="2.706"/>
</testsuite> <!-- com.RestAPI.Amitesh.com.RestDemo.Football -->
