<?xml version="1.0" encoding="UTF-8"?>
<!-- Generated by org.testng.reporters.JUnitReportReporter -->
<testsuite hostname="MACAIM00840" failures="0" tests="1" name="com.RestAPI.Amitesh.com.RestDemo.QueryParamater" time="3.599" errors="0" timestamp="21 Jan 2020 08:33:11 GMT">
  <testcase classname="com.RestAPI.Amitesh.com.RestDemo.QueryParamater" name="getQuery" time="3.599"/>
</testsuite> <!-- com.RestAPI.Amitesh.com.RestDemo.QueryParamater -->
