<?xml version="1.0" encoding="UTF-8"?>
<!-- Generated by org.testng.reporters.JUnitReportReporter -->
<testsuite hostname="MACAIM00840" failures="0" tests="1" name="com.RestAPI.Amitesh.com.RestDemo.OAuth2" time="10.040" errors="0" timestamp="27 Jan 2020 07:06:20 GMT">
  <testcase classname="com.RestAPI.Amitesh.com.RestDemo.OAuth2" name="authTest" time="10.040"/>
</testsuite> <!-- com.RestAPI.Amitesh.com.RestDemo.OAuth2 -->
