<?xml version="1.0" encoding="UTF-8"?>
<!-- Generated by org.testng.reporters.JUnitReportReporter -->
<testsuite hostname="MACAIM00840" failures="0" tests="1" name="ComplexJson.Sumvalidation" time="1.274" errors="0" timestamp="2020-05-25T21:01:54 IST" skipped="0">
  <testcase classname="ComplexJson.Sumvalidation" name="validateSum" time="1.274"/>
</testsuite> <!-- ComplexJson.Sumvalidation -->
