<?xml version="1.0" encoding="UTF-8"?>
<!-- Generated by org.testng.reporters.JUnitReportReporter -->
<testsuite hostname="MACAIM00840" failures="0" tests="2" name="com.RestAPI.Amitesh.com.RestDemo.Register" time="2.566" errors="0" timestamp="2020-05-21T10:30:17 IST" skipped="1">
  <testcase classname="com.RestAPI.Amitesh.com.RestDemo.Register" name="registerCustomer" time="2.566"/>
  <testcase classname="com.RestAPI.Amitesh.com.RestDemo.Register" name="registerfromFile">
    <skipped/>
  </testcase> <!-- registerfromFile -->
</testsuite> <!-- com.RestAPI.Amitesh.com.RestDemo.Register -->
